The following 9 tester(s) will be run:
	 Public_M1_Func_Intersection_Tests
	 Public_M1_Func_Street_Tests
	 Public_M1_Func_Distance-Time_Tests
	 Public_M1_Func_Spatial_Tests
	 Public_M1_Perf_Intersection_Tests
	 Public_M1_Perf_Street_Tests
	 Public_M1_Perf_Distance-Time_Tests
	 Public_M1_Load_Maps
	 Public_M1_Valgrind

Running Tester: Public_M1_Func_Intersection_Tests
  Building   Public_M1_Func_Intersection_Tests
DEBUG: original non-UTF-8 locale in run_command is (None, None)
  Running    Public_M1_Func_Intersection_Tests
    /cad2/ece297s/public//m1/tests/m1_func_intersection_toronto_canada_public.cpp:146: error: Failure in intersection_street_names: Unhandled exception in ECE297_CHECK_EQUAL(expected, sorted(find_street_names_of_intersection(102380)))
    /cad2/ece297s/public//m1/tests/m1_func_intersection_toronto_canada_public.cpp:149: error: Failure in intersection_street_names: Unhandled exception in ECE297_CHECK_EQUAL(expected, sorted(find_street_names_of_intersection(121985)))
    /cad2/ece297s/public//m1/tests/m1_func_intersection_toronto_canada_public.cpp:152: error: Failure in intersection_street_names: Unhandled exception in ECE297_CHECK_EQUAL(expected, sorted(find_street_names_of_intersection(38701)))
    /cad2/ece297s/public//m1/tests/m1_func_intersection_toronto_canada_public.cpp:155: error: Failure in intersection_street_names: Unhandled exception in ECE297_CHECK_EQUAL(expected, sorted(find_street_names_of_intersection(40756)))
    /cad2/ece297s/public//m1/tests/m1_func_intersection_toronto_canada_public.cpp:158: error: Failure in intersection_street_names: Unhandled exception in ECE297_CHECK_EQUAL(expected, sorted(find_street_names_of_intersection(87076)))
    /cad2/ece297s/public//m1/tests/m1_func_intersection_toronto_canada_public.cpp:161: error: Failure in intersection_street_names: Unhandled exception in ECE297_CHECK_EQUAL(expected, sorted(find_street_names_of_intersection(105969)))
    /cad2/ece297s/public//m1/tests/m1_func_intersection_toronto_canada_public.cpp:164: error: Failure in intersection_street_names: Unhandled exception in ECE297_CHECK_EQUAL(expected, sorted(find_street_names_of_intersection(106896)))
    /cad2/ece297s/public//m1/tests/m1_func_intersection_toronto_canada_public.cpp:167: error: Failure in intersection_street_names: Unhandled exception in ECE297_CHECK_EQUAL(expected, sorted(find_street_names_of_intersection(109313)))
    /cad2/ece297s/public//m1/tests/m1_func_intersection_toronto_canada_public.cpp:170: error: Failure in intersection_street_names: Unhandled exception in ECE297_CHECK_EQUAL(expected, sorted(find_street_names_of_intersection(113281)))
    /cad2/ece297s/public//m1/tests/m1_func_intersection_toronto_canada_public.cpp:173: error: Failure in intersection_street_names: Unhandled exception in ECE297_CHECK_EQUAL(expected, sorted(find_street_names_of_intersection(133821)))
    /cad2/ece297s/public//m1/tests/m1_func_intersection_toronto_canada_public.cpp:176: error: Failure in intersection_street_names: Unhandled exception in ECE297_CHECK_EQUAL(expected, sorted(find_street_names_of_intersection(136515)))
    /cad2/ece297s/public//m1/tests/m1_func_intersection_toronto_canada_public.cpp:179: error: Failure in intersection_street_names: Unhandled exception in ECE297_CHECK_EQUAL(expected, sorted(find_street_names_of_intersection(145491)))
    /cad2/ece297s/public//m1/tests/m1_func_intersection_toronto_canada_public.cpp:182: error: Failure in intersection_street_names: Unhandled exception in ECE297_CHECK_EQUAL(expected, sorted(find_street_names_of_intersection(149474)))
    /cad2/ece297s/public//m1/tests/m1_func_intersection_toronto_canada_public.cpp:185: error: Failure in intersection_street_names: Unhandled exception in ECE297_CHECK_EQUAL(expected, sorted(find_street_names_of_intersection(137127)))
    /cad2/ece297s/public//m1/tests/m1_func_intersection_toronto_canada_public.cpp:188: error: Failure in intersection_street_names: Unhandled exception in ECE297_CHECK_EQUAL(expected, sorted(find_street_names_of_intersection(95563)))
    /cad2/ece297s/public//m1/tests/m1_func_intersection_toronto_canada_public.cpp:191: error: Failure in intersection_street_names: Unhandled exception in ECE297_CHECK_EQUAL(expected, sorted(find_street_names_of_intersection(117691)))
    /cad2/ece297s/public//m1/tests/m1_func_intersection_toronto_canada_public.cpp:194: error: Failure in intersection_street_names: Unhandled exception in ECE297_CHECK_EQUAL(expected, sorted(find_street_names_of_intersection(135221)))
    /cad2/ece297s/public//m1/tests/m1_func_intersection_toronto_canada_public.cpp:197: error: Failure in intersection_street_names: Unhandled exception in ECE297_CHECK_EQUAL(expected, sorted(find_street_names_of_intersection(10)))
    /cad2/ece297s/public//m1/tests/m1_func_intersection_toronto_canada_public.cpp:200: error: Failure in intersection_street_names: Unhandled exception in ECE297_CHECK_EQUAL(expected, sorted(find_street_names_of_intersection(27101)))
    /cad2/ece297s/public//m1/tests/m1_func_intersection_toronto_canada_public.cpp:203: error: Failure in intersection_street_names: Unhandled exception in ECE297_CHECK_EQUAL(expected, sorted(find_street_names_of_intersection(86334)))
    /cad2/ece297s/public//m1/tests/m1_func_intersection_toronto_canada_public.cpp:206: error: Failure in intersection_street_names: Unhandled exception in ECE297_CHECK_EQUAL(expected, sorted(find_street_names_of_intersection(34975)))
    /cad2/ece297s/public//m1/tests/m1_func_intersection_toronto_canada_public.cpp:209: error: Failure in intersection_street_names: Unhandled exception in ECE297_CHECK_EQUAL(expected, sorted(find_street_names_of_intersection(134204)))
    /cad2/ece297s/public//m1/tests/m1_func_intersection_toronto_canada_public.cpp:212: error: Failure in intersection_street_names: Unhandled exception in ECE297_CHECK_EQUAL(expected, sorted(find_street_names_of_intersection(74966)))
    /cad2/ece297s/public//m1/tests/m1_func_intersection_toronto_canada_public.cpp:215: error: Failure in intersection_street_names: Unhandled exception in ECE297_CHECK_EQUAL(expected, sorted(find_street_names_of_intersection(29435)))
    /cad2/ece297s/public//m1/tests/m1_func_intersection_toronto_canada_public.cpp:218: error: Failure in intersection_street_names: Unhandled exception in ECE297_CHECK_EQUAL(expected, sorted(find_street_names_of_intersection(42199)))
    /cad2/ece297s/public//m1/tests/m1_func_intersection_toronto_canada_public.cpp:221: error: Failure in intersection_street_names: Unhandled exception in ECE297_CHECK_EQUAL(expected, sorted(find_street_names_of_intersection(103341)))
    /cad2/ece297s/public//m1/tests/m1_func_intersection_toronto_canada_public.cpp:224: error: Failure in intersection_street_names: Unhandled exception in ECE297_CHECK_EQUAL(expected, sorted(find_street_names_of_intersection(82672)))
    /cad2/ece297s/public//m1/tests/m1_func_intersection_toronto_canada_public.cpp:227: error: Failure in intersection_street_names: Unhandled exception in ECE297_CHECK_EQUAL(expected, sorted(find_street_names_of_intersection(65038)))
    /cad2/ece297s/public//m1/tests/m1_func_intersection_toronto_canada_public.cpp:230: error: Failure in intersection_street_names: Unhandled exception in ECE297_CHECK_EQUAL(expected, sorted(find_street_names_of_intersection(81186)))
    /cad2/ece297s/public//m1/tests/m1_func_intersection_toronto_canada_public.cpp:233: error: Failure in intersection_street_names: Unhandled exception in ECE297_CHECK_EQUAL(expected, sorted(find_street_names_of_intersection(119658)))
    /cad2/ece297s/public//m1/tests/m1_func_intersection_toronto_canada_public.cpp:238: error: Failure in directly_connected: This should be true: !are_directly_connected(std::make_pair(10229, 96006))
    /cad2/ece297s/public//m1/tests/m1_func_intersection_toronto_canada_public.cpp:240: error: Failure in directly_connected: This should be true: !are_directly_connected(std::make_pair(28262, 56035))
    /cad2/ece297s/public//m1/tests/m1_func_intersection_toronto_canada_public.cpp:242: error: Failure in directly_connected: This should be true: !are_directly_connected(std::make_pair(32615, 87321))
    /cad2/ece297s/public//m1/tests/m1_func_intersection_toronto_canada_public.cpp:244: error: Failure in directly_connected: This should be true: !are_directly_connected(std::make_pair(33063, 142972))
    /cad2/ece297s/public//m1/tests/m1_func_intersection_toronto_canada_public.cpp:246: error: Failure in directly_connected: This should be true: !are_directly_connected(std::make_pair(38216, 82535))
    /cad2/ece297s/public//m1/tests/m1_func_intersection_toronto_canada_public.cpp:248: error: Failure in directly_connected: This should be true: !are_directly_connected(std::make_pair(48021, 35797))
    /cad2/ece297s/public//m1/tests/m1_func_intersection_toronto_canada_public.cpp:250: error: Failure in directly_connected: This should be true: !are_directly_connected(std::make_pair(72388, 48326))
    /cad2/ece297s/public//m1/tests/m1_func_intersection_toronto_canada_public.cpp:252: error: Failure in directly_connected: This should be true: !are_directly_connected(std::make_pair(101772, 51749))
    /cad2/ece297s/public//m1/tests/m1_func_intersection_toronto_canada_public.cpp:254: error: Failure in directly_connected: This should be true: !are_directly_connected(std::make_pair(117913, 42614))
    /cad2/ece297s/public//m1/tests/m1_func_intersection_toronto_canada_public.cpp:256: error: Failure in directly_connected: This should be true: !are_directly_connected(std::make_pair(121164, 81132))
    /cad2/ece297s/public//m1/tests/m1_func_intersection_toronto_canada_public.cpp:258: error: Failure in directly_connected: This should be true: !are_directly_connected(std::make_pair(125686, 45024))
    /cad2/ece297s/public//m1/tests/m1_func_intersection_toronto_canada_public.cpp:260: error: Failure in directly_connected: This should be true: !are_directly_connected(std::make_pair(128969, 111876))
    /cad2/ece297s/public//m1/tests/m1_func_intersection_toronto_canada_public.cpp:262: error: Failure in directly_connected: This should be true: !are_directly_connected(std::make_pair(140389, 82634))
    /cad2/ece297s/public//m1/tests/m1_func_intersection_toronto_canada_public.cpp:304: error: Failure in adjacent_intersections: Expected {} but was {0} for expression: sorted(find_adjacent_intersections(4338))
    /cad2/ece297s/public//m1/tests/m1_func_intersection_toronto_canada_public.cpp:307: error: Failure in adjacent_intersections: Expected {} but was {0} for expression: sorted(find_adjacent_intersections(112860))
    /cad2/ece297s/public//m1/tests/m1_func_intersection_toronto_canada_public.cpp:310: error: Failure in adjacent_intersections: Expected {1236, 76603, 76604} but was {0} for expression: sorted(find_adjacent_intersections(76602))
    /cad2/ece297s/public//m1/tests/m1_func_intersection_toronto_canada_public.cpp:313: error: Failure in adjacent_intersections: Expected {3709} but was {0} for expression: sorted(find_adjacent_intersections(3708))
    /cad2/ece297s/public//m1/tests/m1_func_intersection_toronto_canada_public.cpp:316: error: Failure in adjacent_intersections: Expected {4056, 4058, 143782} but was {0} for expression: sorted(find_adjacent_intersections(4057))
    /cad2/ece297s/public//m1/tests/m1_func_intersection_toronto_canada_public.cpp:319: error: Failure in adjacent_intersections: Expected {7020, 7021, 17415} but was {0} for expression: sorted(find_adjacent_intersections(7019))
    /cad2/ece297s/public//m1/tests/m1_func_intersection_toronto_canada_public.cpp:322: error: Failure in adjacent_intersections: Expected {7989} but was {0} for expression: sorted(find_adjacent_intersections(88834))
    /cad2/ece297s/public//m1/tests/m1_func_intersection_toronto_canada_public.cpp:325: error: Failure in adjacent_intersections: Expected {13853, 74339, 136641} but was {0} for expression: sorted(find_adjacent_intersections(74338))
    /cad2/ece297s/public//m1/tests/m1_func_intersection_toronto_canada_public.cpp:328: error: Failure in adjacent_intersections: Expected {14666, 106912} but was {0} for expression: sorted(find_adjacent_intersections(107457))
    /cad2/ece297s/public//m1/tests/m1_func_intersection_toronto_canada_public.cpp:331: error: Failure in adjacent_intersections: Expected {27998, 89642, 89644} but was {0} for expression: sorted(find_adjacent_intersections(89643))
    /cad2/ece297s/public//m1/tests/m1_func_intersection_toronto_canada_public.cpp:334: error: Failure in adjacent_intersections: Expected {34494, 89805} but was {0} for expression: sorted(find_adjacent_intersections(34495))
    /cad2/ece297s/public//m1/tests/m1_func_intersection_toronto_canada_public.cpp:337: error: Failure in adjacent_intersections: Expected {35507, 35510, 35786, 35790} but was {0} for expression: sorted(find_adjacent_intersections(35785))
    /cad2/ece297s/public//m1/tests/m1_func_intersection_toronto_canada_public.cpp:340: error: Failure in adjacent_intersections: Expected {38811, 38813, 38814} but was {0} for expression: sorted(find_adjacent_intersections(38812))
    /cad2/ece297s/public//m1/tests/m1_func_intersection_toronto_canada_public.cpp:343: error: Failure in adjacent_intersections: Expected {41550, 41553, 73705} but was {0} for expression: sorted(find_adjacent_intersections(41552))
    /cad2/ece297s/public//m1/tests/m1_func_intersection_toronto_canada_public.cpp:346: error: Failure in adjacent_intersections: Expected {42354, 42363, 117651} but was {0} for expression: sorted(find_adjacent_intersections(42361))
    /cad2/ece297s/public//m1/tests/m1_func_intersection_toronto_canada_public.cpp:349: error: Failure in adjacent_intersections: Expected {42860, 42862, 42997} but was {0} for expression: sorted(find_adjacent_intersections(42861))
    /cad2/ece297s/public//m1/tests/m1_func_intersection_toronto_canada_public.cpp:352: error: Failure in adjacent_intersections: Expected {47152, 47154} but was {0} for expression: sorted(find_adjacent_intersections(47153))
    /cad2/ece297s/public//m1/tests/m1_func_intersection_toronto_canada_public.cpp:355: error: Failure in adjacent_intersections: Expected {47902, 51507, 52533, 104934} but was {0} for expression: sorted(find_adjacent_intersections(47903))
    /cad2/ece297s/public//m1/tests/m1_func_intersection_toronto_canada_public.cpp:358: error: Failure in adjacent_intersections: Expected {50295, 51378, 51640} but was {0} for expression: sorted(find_adjacent_intersections(51497))
    /cad2/ece297s/public//m1/tests/m1_func_intersection_toronto_canada_public.cpp:361: error: Failure in adjacent_intersections: Expected {62341, 62354} but was {0} for expression: sorted(find_adjacent_intersections(62342))
    /cad2/ece297s/public//m1/tests/m1_func_intersection_toronto_canada_public.cpp:364: error: Failure in adjacent_intersections: Expected {66516, 66518, 66543} but was {0} for expression: sorted(find_adjacent_intersections(66517))
    /cad2/ece297s/public//m1/tests/m1_func_intersection_toronto_canada_public.cpp:367: error: Failure in adjacent_intersections: Expected {76845, 76848, 76850} but was {0} for expression: sorted(find_adjacent_intersections(76851))
    /cad2/ece297s/public//m1/tests/m1_func_intersection_toronto_canada_public.cpp:370: error: Failure in adjacent_intersections: Expected {93448, 93450} but was {0} for expression: sorted(find_adjacent_intersections(109721))
    /cad2/ece297s/public//m1/tests/m1_func_intersection_toronto_canada_public.cpp:373: error: Failure in adjacent_intersections: Expected {97050, 124625, 130211} but was {0} for expression: sorted(find_adjacent_intersections(124624))
    /cad2/ece297s/public//m1/tests/m1_func_intersection_toronto_canada_public.cpp:376: error: Failure in adjacent_intersections: Expected {108588} but was {0} for expression: sorted(find_adjacent_intersections(108587))
    /cad2/ece297s/public//m1/tests/m1_func_intersection_toronto_canada_public.cpp:379: error: Failure in adjacent_intersections: Expected {123751, 123770, 123772} but was {0} for expression: sorted(find_adjacent_intersections(123773))
    /cad2/ece297s/public//m1/tests/m1_func_intersection_toronto_canada_public.cpp:382: error: Failure in adjacent_intersections: Expected {125236, 125238, 125240} but was {0} for expression: sorted(find_adjacent_intersections(125237))
    /cad2/ece297s/public//m1/tests/m1_func_intersection_toronto_canada_public.cpp:385: error: Failure in adjacent_intersections: Expected {126916, 126932, 126936} but was {0} for expression: sorted(find_adjacent_intersections(126931))
    /cad2/ece297s/public//m1/tests/m1_func_intersection_toronto_canada_public.cpp:388: error: Failure in adjacent_intersections: Expected {131029, 131030, 131031} but was {0} for expression: sorted(find_adjacent_intersections(131032))
    /cad2/ece297s/public//m1/tests/m1_func_intersection_toronto_canada_public.cpp:391: error: Failure in adjacent_intersections: Expected {143484, 143520, 143525} but was {0} for expression: sorted(find_adjacent_intersections(143527))
    FAILURE: 3 out of 4 tests failed (73 failures).
    Test time: 2.94 seconds.
DEBUG: original non-UTF-8 locale in run_command is (None, None)
  Analyzing  Public_M1_Func_Intersection_Tests
    Testing (including setup) took: 2.97 sec

Running Tester: Public_M1_Func_Street_Tests
  Building   Public_M1_Func_Street_Tests
DEBUG: original non-UTF-8 locale in run_command is (None, None)
  Running    Public_M1_Func_Street_Tests
    /cad2/ece297s/public//m1/tests/m1_func_street_toronto_canada_public.cpp:51: error: Failure in street_street_segments: Expected {1, 535, 537, 538, 540, 543, 545, 550, 551, 553, 7811, 8749, 8750, 8868, 9001, 9002, 9007, 9008, 9042, 9043, 13215, 13216, 13242, 13243, 13330, 13331, 13332, 15138, 15139, 22191, 22192, 22212, 22213, 27177, 27178, 27186, 27187, 37370, 37371, 37372, 60314, 60315, 60770, 60771, 60789, 60790, 80872, 80884, 80885, 80886, 80900, 80901, 82280, 82281, 102107, 102354, 102357, 102675, 102685, 102693, 102697, 102718, 102719, 110207, 110381, 110497, 110501, 110502, 110513, 125631, 134649, 134915, 134916, 150773} but was {0} for expression: sorted(find_street_segments_of_street(2))
    /cad2/ece297s/public//m1/tests/m1_func_street_toronto_canada_public.cpp:54: error: Failure in street_street_segments: Expected {15171, 15172, 15173, 131586, 182332, 182334} but was {0} for expression: sorted(find_street_segments_of_street(4069))
    /cad2/ece297s/public//m1/tests/m1_func_street_toronto_canada_public.cpp:57: error: Failure in street_street_segments: Expected {16241, 16242} but was {0} for expression: sorted(find_street_segments_of_street(4419))
    /cad2/ece297s/public//m1/tests/m1_func_street_toronto_canada_public.cpp:60: error: Failure in street_street_segments: Expected {19375} but was {0} for expression: sorted(find_street_segments_of_street(5251))
    /cad2/ece297s/public//m1/tests/m1_func_street_toronto_canada_public.cpp:63: error: Failure in street_street_segments: Expected {21428, 21429, 21430, 213638, 213639, 213640, 213641, 213642, 213643, 213644, 213645} but was {0} for expression: sorted(find_street_segments_of_street(5810))
    /cad2/ece297s/public//m1/tests/m1_func_street_toronto_canada_public.cpp:66: error: Failure in street_street_segments: Expected {23198} but was {0} for expression: sorted(find_street_segments_of_street(6118))
    /cad2/ece297s/public//m1/tests/m1_func_street_toronto_canada_public.cpp:69: error: Failure in street_street_segments: Expected {24136, 24137, 24138, 24139} but was {0} for expression: sorted(find_street_segments_of_street(6335))
    /cad2/ece297s/public//m1/tests/m1_func_street_toronto_canada_public.cpp:72: error: Failure in street_street_segments: Expected {47933, 50167, 59709, 59737, 59768, 59793, 177816} but was {0} for expression: sorted(find_street_segments_of_street(9763))
    /cad2/ece297s/public//m1/tests/m1_func_street_toronto_canada_public.cpp:75: error: Failure in street_street_segments: Expected {53740} but was {0} for expression: sorted(find_street_segments_of_street(11254))
    /cad2/ece297s/public//m1/tests/m1_func_street_toronto_canada_public.cpp:78: error: Failure in street_street_segments: Expected {57458} but was {0} for expression: sorted(find_street_segments_of_street(12187))
    /cad2/ece297s/public//m1/tests/m1_func_street_toronto_canada_public.cpp:81: error: Failure in street_street_segments: Expected {59071} but was {0} for expression: sorted(find_street_segments_of_street(12410))
    /cad2/ece297s/public//m1/tests/m1_func_street_toronto_canada_public.cpp:84: error: Failure in street_street_segments: Expected {61301} but was {0} for expression: sorted(find_street_segments_of_street(12960))
    /cad2/ece297s/public//m1/tests/m1_func_street_toronto_canada_public.cpp:87: error: Failure in street_street_segments: Expected {61988} but was {0} for expression: sorted(find_street_segments_of_street(13071))
    /cad2/ece297s/public//m1/tests/m1_func_street_toronto_canada_public.cpp:90: error: Failure in street_street_segments: Expected {67853} but was {0} for expression: sorted(find_street_segments_of_street(14345))
    /cad2/ece297s/public//m1/tests/m1_func_street_toronto_canada_public.cpp:93: error: Failure in street_street_segments: Expected {73302, 73767, 73768} but was {0} for expression: sorted(find_street_segments_of_street(15369))
    /cad2/ece297s/public//m1/tests/m1_func_street_toronto_canada_public.cpp:96: error: Failure in street_street_segments: Expected {73892} but was {0} for expression: sorted(find_street_segments_of_street(15513))
    /cad2/ece297s/public//m1/tests/m1_func_street_toronto_canada_public.cpp:99: error: Failure in street_street_segments: Expected {75575, 75576, 75589} but was {0} for expression: sorted(find_street_segments_of_street(15907))
    /cad2/ece297s/public//m1/tests/m1_func_street_toronto_canada_public.cpp:102: error: Failure in street_street_segments: Expected {76441, 76497, 76498, 76524, 76525, 76526} but was {0} for expression: sorted(find_street_segments_of_street(16047))
    /cad2/ece297s/public//m1/tests/m1_func_street_toronto_canada_public.cpp:105: error: Failure in street_street_segments: Expected {77814, 77815, 77816, 77818, 77827} but was {0} for expression: sorted(find_street_segments_of_street(16409))
    /cad2/ece297s/public//m1/tests/m1_func_street_toronto_canada_public.cpp:108: error: Failure in street_street_segments: Expected {80142, 80185} but was {0} for expression: sorted(find_street_segments_of_street(17005))
    /cad2/ece297s/public//m1/tests/m1_func_street_toronto_canada_public.cpp:111: error: Failure in street_street_segments: Expected {87952, 87955, 87961, 87962, 87964, 87967, 87975, 87976, 87980, 87989, 87998} but was {0} for expression: sorted(find_street_segments_of_street(17667))
    /cad2/ece297s/public//m1/tests/m1_func_street_toronto_canada_public.cpp:114: error: Failure in street_street_segments: Expected {90159, 90181, 90353} but was {0} for expression: sorted(find_street_segments_of_street(17962))
    /cad2/ece297s/public//m1/tests/m1_func_street_toronto_canada_public.cpp:117: error: Failure in street_street_segments: Expected {91481, 91524} but was {0} for expression: sorted(find_street_segments_of_street(18311))
    /cad2/ece297s/public//m1/tests/m1_func_street_toronto_canada_public.cpp:120: error: Failure in street_street_segments: Expected {105219} but was {0} for expression: sorted(find_street_segments_of_street(20088))
    /cad2/ece297s/public//m1/tests/m1_func_street_toronto_canada_public.cpp:123: error: Failure in street_street_segments: Expected {105892, 105893} but was {0} for expression: sorted(find_street_segments_of_street(20146))
    /cad2/ece297s/public//m1/tests/m1_func_street_toronto_canada_public.cpp:126: error: Failure in street_street_segments: Expected {108630} but was {0} for expression: sorted(find_street_segments_of_street(20298))
    /cad2/ece297s/public//m1/tests/m1_func_street_toronto_canada_public.cpp:129: error: Failure in street_street_segments: Expected {112012, 112013, 210574} but was {0} for expression: sorted(find_street_segments_of_street(20493))
    /cad2/ece297s/public//m1/tests/m1_func_street_toronto_canada_public.cpp:132: error: Failure in street_street_segments: Expected {114596, 114597, 114598, 114599, 114600, 114601} but was {0} for expression: sorted(find_street_segments_of_street(20584))
    /cad2/ece297s/public//m1/tests/m1_func_street_toronto_canada_public.cpp:135: error: Failure in street_street_segments: Expected {169710, 169711, 187305, 187306} but was {0} for expression: sorted(find_street_segments_of_street(21840))
    /cad2/ece297s/public//m1/tests/m1_func_street_toronto_canada_public.cpp:138: error: Failure in street_street_segments: Expected {187525, 187526, 187527, 187528, 187529} but was {0} for expression: sorted(find_street_segments_of_street(22438))
    /cad2/ece297s/public//m1/tests/m1_func_street_toronto_canada_public.cpp:241: error: Failure in intersection_ids_from_street_ids: Expected {} but was {0} for expression: sorted(find_intersections_of_two_streets(std::make_pair(4307, 6554)))
    /cad2/ece297s/public//m1/tests/m1_func_street_toronto_canada_public.cpp:244: error: Failure in intersection_ids_from_street_ids: Expected {} but was {0} for expression: sorted(find_intersections_of_two_streets(std::make_pair(6382, 4558)))
    /cad2/ece297s/public//m1/tests/m1_func_street_toronto_canada_public.cpp:247: error: Failure in intersection_ids_from_street_ids: Expected {} but was {0} for expression: sorted(find_intersections_of_two_streets(std::make_pair(7759, 13936)))
    /cad2/ece297s/public//m1/tests/m1_func_street_toronto_canada_public.cpp:250: error: Failure in intersection_ids_from_street_ids: Expected {} but was {0} for expression: sorted(find_intersections_of_two_streets(std::make_pair(8546, 10335)))
    /cad2/ece297s/public//m1/tests/m1_func_street_toronto_canada_public.cpp:253: error: Failure in intersection_ids_from_street_ids: Expected {} but was {0} for expression: sorted(find_intersections_of_two_streets(std::make_pair(9037, 17744)))
    /cad2/ece297s/public//m1/tests/m1_func_street_toronto_canada_public.cpp:256: error: Failure in intersection_ids_from_street_ids: Expected {} but was {0} for expression: sorted(find_intersections_of_two_streets(std::make_pair(10310, 17423)))
    /cad2/ece297s/public//m1/tests/m1_func_street_toronto_canada_public.cpp:259: error: Failure in intersection_ids_from_street_ids: Expected {} but was {0} for expression: sorted(find_intersections_of_two_streets(std::make_pair(11344, 3857)))
    /cad2/ece297s/public//m1/tests/m1_func_street_toronto_canada_public.cpp:262: error: Failure in intersection_ids_from_street_ids: Expected {} but was {0} for expression: sorted(find_intersections_of_two_streets(std::make_pair(13040, 11300)))
    /cad2/ece297s/public//m1/tests/m1_func_street_toronto_canada_public.cpp:265: error: Failure in intersection_ids_from_street_ids: Expected {} but was {0} for expression: sorted(find_intersections_of_two_streets(std::make_pair(13524, 18480)))
    /cad2/ece297s/public//m1/tests/m1_func_street_toronto_canada_public.cpp:268: error: Failure in intersection_ids_from_street_ids: Expected {} but was {0} for expression: sorted(find_intersections_of_two_streets(std::make_pair(15713, 18564)))
    /cad2/ece297s/public//m1/tests/m1_func_street_toronto_canada_public.cpp:271: error: Failure in intersection_ids_from_street_ids: Expected {} but was {0} for expression: sorted(find_intersections_of_two_streets(std::make_pair(16785, 509)))
    /cad2/ece297s/public//m1/tests/m1_func_street_toronto_canada_public.cpp:274: error: Failure in intersection_ids_from_street_ids: Expected {} but was {0} for expression: sorted(find_intersections_of_two_streets(std::make_pair(19179, 17379)))
    /cad2/ece297s/public//m1/tests/m1_func_street_toronto_canada_public.cpp:277: error: Failure in intersection_ids_from_street_ids: Expected {} but was {0} for expression: sorted(find_intersections_of_two_streets(std::make_pair(19739, 409)))
    /cad2/ece297s/public//m1/tests/m1_func_street_toronto_canada_public.cpp:280: error: Failure in intersection_ids_from_street_ids: Expected {} but was {0} for expression: sorted(find_intersections_of_two_streets(std::make_pair(19942, 22145)))
    /cad2/ece297s/public//m1/tests/m1_func_street_toronto_canada_public.cpp:283: error: Failure in intersection_ids_from_street_ids: Expected {} but was {0} for expression: sorted(find_intersections_of_two_streets(std::make_pair(21504, 20443)))
    /cad2/ece297s/public//m1/tests/m1_func_street_toronto_canada_public.cpp:286: error: Failure in intersection_ids_from_street_ids: Expected {16049} but was {0} for expression: sorted(find_intersections_of_two_streets(std::make_pair(20298, 3842)))
    /cad2/ece297s/public//m1/tests/m1_func_street_toronto_canada_public.cpp:289: error: Failure in intersection_ids_from_street_ids: Expected {17590} but was {0} for expression: sorted(find_intersections_of_two_streets(std::make_pair(4243, 4242)))
    /cad2/ece297s/public//m1/tests/m1_func_street_toronto_canada_public.cpp:292: error: Failure in intersection_ids_from_street_ids: Expected {25452, 25455} but was {0} for expression: sorted(find_intersections_of_two_streets(std::make_pair(6118, 980)))
    /cad2/ece297s/public//m1/tests/m1_func_street_toronto_canada_public.cpp:295: error: Failure in intersection_ids_from_street_ids: Expected {30850, 30854, 36602, 36604} but was {0} for expression: sorted(find_intersections_of_two_streets(std::make_pair(7409, 0)))
    /cad2/ece297s/public//m1/tests/m1_func_street_toronto_canada_public.cpp:298: error: Failure in intersection_ids_from_street_ids: Expected {33460, 33461, 33464, 33466, 33469} but was {0} for expression: sorted(find_intersections_of_two_streets(std::make_pair(7209, 0)))
    /cad2/ece297s/public//m1/tests/m1_func_street_toronto_canada_public.cpp:301: error: Failure in intersection_ids_from_street_ids: Expected {43810} but was {0} for expression: sorted(find_intersections_of_two_streets(std::make_pair(8366, 8361)))
    /cad2/ece297s/public//m1/tests/m1_func_street_toronto_canada_public.cpp:304: error: Failure in intersection_ids_from_street_ids: Expected {57751} but was {0} for expression: sorted(find_intersections_of_two_streets(std::make_pair(12410, 12406)))
    /cad2/ece297s/public//m1/tests/m1_func_street_toronto_canada_public.cpp:307: error: Failure in intersection_ids_from_street_ids: Expected {64389} but was {0} for expression: sorted(find_intersections_of_two_streets(std::make_pair(14345, 14342)))
    /cad2/ece297s/public//m1/tests/m1_func_street_toronto_canada_public.cpp:310: error: Failure in intersection_ids_from_street_ids: Expected {67930} but was {0} for expression: sorted(find_intersections_of_two_streets(std::make_pair(15277, 15276)))
    /cad2/ece297s/public//m1/tests/m1_func_street_toronto_canada_public.cpp:313: error: Failure in intersection_ids_from_street_ids: Expected {70599} but was {0} for expression: sorted(find_intersections_of_two_streets(std::make_pair(16047, 16077)))
    /cad2/ece297s/public//m1/tests/m1_func_street_toronto_canada_public.cpp:316: error: Failure in intersection_ids_from_street_ids: Expected {71620} but was {0} for expression: sorted(find_intersections_of_two_streets(std::make_pair(16409, 4507)))
    /cad2/ece297s/public//m1/tests/m1_func_street_toronto_canada_public.cpp:319: error: Failure in intersection_ids_from_street_ids: Expected {72383} but was {0} for expression: sorted(find_intersections_of_two_streets(std::make_pair(16652, 16649)))
    /cad2/ece297s/public//m1/tests/m1_func_street_toronto_canada_public.cpp:322: error: Failure in intersection_ids_from_street_ids: Expected {78729} but was {0} for expression: sorted(find_intersections_of_two_streets(std::make_pair(17700, 20337)))
    /cad2/ece297s/public//m1/tests/m1_func_street_toronto_canada_public.cpp:325: error: Failure in intersection_ids_from_street_ids: Expected {81079} but was {0} for expression: sorted(find_intersections_of_two_streets(std::make_pair(18188, 18179)))
    /cad2/ece297s/public//m1/tests/m1_func_street_toronto_canada_public.cpp:328: error: Failure in intersection_ids_from_street_ids: Expected {81392} but was {0} for expression: sorted(find_intersections_of_two_streets(std::make_pair(18311, 18217)))
    /cad2/ece297s/public//m1/tests/m1_func_street_toronto_canada_public.cpp:336: error: Failure in street_ids_from_partial_street_name: Expected {1, 2, 3, 4, 9, 31, 42, 61, 62, 119, 123, 124, 125, 128, 129, 130, 132, 133, 142, 143, 144, 145, 146, 147, 148, 149, 313, 314, 390, 507, 567, 570, 621, 622, 755, 900, 901, 902, 967, 1389, 1395, 1694, 1721, 1850, 1851, 1852, 1853, 1854, 2081, 2082, 2083, 2155, 2169, 2276, 2444, 2576, 2638, 2639, 2725, 2759, 3069, 3084, 3388, 3505, 3796, 3934, 4001, 5028, 5052, 5219, 5572, 5807, 5955, 5992, 6127, 6229, 6230, 6573, 6698, 6773, 6774, 6775, 7166, 7932, 8592, 8605, 8715, 8924, 9915, 10485, 10678, 11046, 11053, 11445, 11501, 11904, 11998, 12024, 12295, 12315, 12505, 12777, 12819, 13309, 13673, 13793, 13909, 14434, 15243, 15608, 15939, 16602, 16614, 16869, 17481, 17523, 18408, 18879, 18961, 19576, 20167, 21340, 21600, 21656, 21738, 21774, 21801, 21802, 22746} but was {0} for expression: sorted(find_street_ids_from_partial_street_name("High"))
    /cad2/ece297s/public//m1/tests/m1_func_street_toronto_canada_public.cpp:339: error: Failure in street_ids_from_partial_street_name: Expected {30, 59, 99, 246, 257, 263, 356, 427, 434, 454, 781, 846, 863, 878, 910, 1295, 1297, 1299, 1301, 1603, 1605, 1651, 1682, 1758, 1828, 1830, 1868, 1982, 2089, 2333, 2430, 2513, 2522, 2546, 2556, 2716, 2720, 2755, 2816, 2851, 2881, 3075, 3152, 3218, 3275, 3382, 3410, 3413, 3460, 3485, 3542, 3547, 3595, 3665, 3731, 3734, 3840, 4011, 4022, 4073, 4127, 4268, 4269, 4357, 4363, 4377, 4457, 4509, 4589, 4724, 4878, 5015, 5084, 5274, 5278, 5504, 5517, 5645, 5716, 5725, 6017, 6018, 6030, 6252, 6270, 6282, 6297, 6369, 6397, 6552, 6613, 6646, 6809, 6818, 6857, 6897, 6996, 7006, 7110, 7277, 7286, 7344, 7390, 7391, 7411, 7533, 7561, 7723, 7755, 7756, 7988, 8021, 8025, 8151, 8180, 8488, 8538, 8588, 8706, 8819, 8866, 9096, 9136, 9285, 9363, 9399, 9429, 9434, 9457, 9540, 9647, 9660, 9788, 9820, 9964, 10044, 10067, 10077, 10118, 10120, 10165, 10201, 10225, 10278, 10317, 10319, 10513, 10640, 10654, 10694, 10731, 10746, 10795, 10847, 10870, 11022, 11039, 11089, 11128, 11160, 11231, 11333, 11447, 11468, 11471, 11491, 11561, 11625, 11706, 11799, 11882, 11974, 12018, 12033, 12062, 12080, 12113, 12184, 12379, 12410, 12472, 12525, 12535, 12656, 12884, 12910, 12952, 13009, 13037, 13333, 13402, 13435, 13451, 13545, 13561, 13580, 13720, 13984, 13993, 14032, 14089, 14404...} but was {0} for expression: sorted(find_street_ids_from_partial_street_name("Pa"))
    /cad2/ece297s/public//m1/tests/m1_func_street_toronto_canada_public.cpp:342: error: Failure in street_ids_from_partial_street_name: Expected {94, 100, 104, 105, 1273, 5454, 5463, 6642, 6643, 7388, 9039, 16653, 20161, 20446, 21182, 22713, 22715} but was {0} for expression: sorted(find_street_ids_from_partial_street_name("Lake Shor"))
    /cad2/ece297s/public//m1/tests/m1_func_street_toronto_canada_public.cpp:345: error: Failure in street_ids_from_partial_street_name: Expected {354, 379, 484, 722, 744, 1070, 1072, 1203, 1211, 1361, 1545, 1585, 1592, 1814, 1837, 1912, 2062, 2619, 2870, 2981, 3096, 3142, 3297, 3524, 3525, 3526, 3792, 3861, 3895, 4331, 4367, 4596, 4629, 4765, 4910, 4925, 5071, 5281, 5411, 5430, 5438, 5730, 5768, 5779, 5857, 5916, 6075, 6172, 6463, 6496, 6564, 6621, 6705, 7130, 7177, 7199, 7574, 7620, 8515, 8622, 8664, 8750, 8813, 8876, 9030, 9070, 9236, 9345, 9383, 9495, 9521, 9596, 9615, 9724, 9763, 9772, 9796, 9802, 9895, 10075, 10203, 10224, 10419, 10549, 10627, 10913, 10939, 11150, 11273, 11348, 11350, 11492, 11499, 11647, 11675, 11785, 12041, 12405, 12482, 12485, 12523, 12577, 12683, 12754, 12940, 13114, 13180, 13431, 13606, 13635, 13749, 13835, 13971, 14100, 14265, 14388, 14778, 14863, 14871, 15112, 15333, 15337, 15368, 15442, 15545, 15634, 15748, 15827, 15848, 15969, 16022, 16106, 16133, 16193, 16232, 16264, 16495, 16714, 16739, 16801, 16974, 17090, 17207, 17424, 17439, 17490, 17493, 17589, 17606, 17654, 17981, 18024, 18219, 18383, 18390, 18476, 18641, 19095, 19234, 19407, 19528, 20042, 20049, 20083, 20112, 20190, 20313, 20524, 20584, 20849, 20919, 21119, 21388, 21612, 21668, 21785, 21823, 21844, 21850, 21923, 22328, 22352, 22638} but was {0} for expression: sorted(find_street_ids_from_partial_street_name("Fa"))
    /cad2/ece297s/public//m1/tests/m1_func_street_toronto_canada_public.cpp:348: error: Failure in street_ids_from_partial_street_name: Expected {549, 550, 1535, 1536, 6124} but was {0} for expression: sorted(find_street_ids_from_partial_street_name("Linsmore Crescent"))
    /cad2/ece297s/public//m1/tests/m1_func_street_toronto_canada_public.cpp:351: error: Failure in street_ids_from_partial_street_name: Expected {1110, 4069} but was {0} for expression: sorted(find_street_ids_from_partial_street_name("Eglinton Square"))
    /cad2/ece297s/public//m1/tests/m1_func_street_toronto_canada_public.cpp:354: error: Failure in street_ids_from_partial_street_name: Expected {1960, 17379} but was {0} for expression: sorted(find_street_ids_from_partial_street_name("Saint Clements Avenue"))
    /cad2/ece297s/public//m1/tests/m1_func_street_toronto_canada_public.cpp:357: error: Failure in street_ids_from_partial_street_name: Expected {2021, 4558, 7205, 10744, 11131, 11612, 15774, 17548, 20118} but was {0} for expression: sorted(find_street_ids_from_partial_street_name("Cove"))
    /cad2/ece297s/public//m1/tests/m1_func_street_toronto_canada_public.cpp:360: error: Failure in street_ids_from_partial_street_name: Expected {2549, 3680, 17648} but was {0} for expression: sorted(find_street_ids_from_partial_street_name("Sutherla"))
    /cad2/ece297s/public//m1/tests/m1_func_street_toronto_canada_public.cpp:363: error: Failure in street_ids_from_partial_street_name: Expected {2917, 5092, 5392, 5861, 6488, 6641, 7237, 7424, 7508, 10285, 10406, 11867, 11975, 13574, 13766, 15277, 15538, 15846, 15851, 16322, 16541, 16999, 18823, 18832, 18839, 18950, 20082, 20650, 21068} but was {0} for expression: sorted(find_street_ids_from_partial_street_name("Apple "))
    /cad2/ece297s/public//m1/tests/m1_func_street_toronto_canada_public.cpp:366: error: Failure in street_ids_from_partial_street_name: Expected {4964} but was {0} for expression: sorted(find_street_ids_from_partial_street_name("Lane South Dundas East Beaconsfi"))
    /cad2/ece297s/public//m1/tests/m1_func_street_toronto_canada_public.cpp:369: error: Failure in street_ids_from_partial_street_name: Expected {5228, 5518, 5520, 8065, 9203, 11614, 11949, 12016, 12902, 13626, 16344, 16347, 18418, 20021, 20198} but was {0} for expression: sorted(find_street_ids_from_partial_street_name("Tree"))
    /cad2/ece297s/public//m1/tests/m1_func_street_toronto_canada_public.cpp:372: error: Failure in street_ids_from_partial_street_name: Expected {5251} but was {0} for expression: sorted(find_street_ids_from_partial_street_name("Director Court"))
    /cad2/ece297s/public//m1/tests/m1_func_street_toronto_canada_public.cpp:375: error: Failure in street_ids_from_partial_street_name: Expected {5374, 6923, 21263, 22623} but was {0} for expression: sorted(find_street_ids_from_partial_street_name("Woodbine Track "))
    /cad2/ece297s/public//m1/tests/m1_func_street_toronto_canada_public.cpp:378: error: Failure in street_ids_from_partial_street_name: Expected {6335} but was {0} for expression: sorted(find_street_ids_from_partial_street_name("Grand Highland Way"))
    /cad2/ece297s/public//m1/tests/m1_func_street_toronto_canada_public.cpp:381: error: Failure in street_ids_from_partial_street_name: Expected {6397} but was {0} for expression: sorted(find_street_ids_from_partial_street_name("Park Aven"))
    /cad2/ece297s/public//m1/tests/m1_func_street_toronto_canada_public.cpp:384: error: Failure in street_ids_from_partial_street_name: Expected {7255} but was {0} for expression: sorted(find_street_ids_from_partial_street_name("Hiawatha Parkway"))
    /cad2/ece297s/public//m1/tests/m1_func_street_toronto_canada_public.cpp:387: error: Failure in street_ids_from_partial_street_name: Expected {8369, 22145} but was {0} for expression: sorted(find_street_ids_from_partial_street_name("Crestview Road"))
    /cad2/ece297s/public//m1/tests/m1_func_street_toronto_canada_public.cpp:390: error: Failure in street_ids_from_partial_street_name: Expected {8794, 16652} but was {0} for expression: sorted(find_street_ids_from_partial_street_name("Cristi"))
    /cad2/ece297s/public//m1/tests/m1_func_street_toronto_canada_public.cpp:393: error: Failure in street_ids_from_partial_street_name: Expected {8800} but was {0} for expression: sorted(find_street_ids_from_partial_street_name("Via Nova Drive"))
    /cad2/ece297s/public//m1/tests/m1_func_street_toronto_canada_public.cpp:396: error: Failure in street_ids_from_partial_street_name: Expected {9037} but was {0} for expression: sorted(find_street_ids_from_partial_street_name("Rideau Gate"))
    /cad2/ece297s/public//m1/tests/m1_func_street_toronto_canada_public.cpp:399: error: Failure in street_ids_from_partial_street_name: Expected {11067, 17005} but was {0} for expression: sorted(find_street_ids_from_partial_street_name("Basildon Crescent"))
    /cad2/ece297s/public//m1/tests/m1_func_street_toronto_canada_public.cpp:402: error: Failure in street_ids_from_partial_street_name: Expected {12187} but was {0} for expression: sorted(find_street_ids_from_partial_street_name("Caddy Drive"))
    /cad2/ece297s/public//m1/tests/m1_func_street_toronto_canada_public.cpp:405: error: Failure in street_ids_from_partial_street_name: Expected {12390} but was {0} for expression: sorted(find_street_ids_from_partial_street_name("Graybark Crescent"))
    /cad2/ece297s/public//m1/tests/m1_func_street_toronto_canada_public.cpp:408: error: Failure in street_ids_from_partial_street_name: Expected {13040} but was {0} for expression: sorted(find_street_ids_from_partial_street_name("Kendlet"))
    /cad2/ece297s/public//m1/tests/m1_func_street_toronto_canada_public.cpp:411: error: Failure in street_ids_from_partial_street_name: Expected {13071} but was {0} for expression: sorted(find_street_ids_from_partial_street_name("Davistow Cre"))
    /cad2/ece297s/public//m1/tests/m1_func_street_toronto_canada_public.cpp:414: error: Failure in street_ids_from_partial_street_name: Expected {15369} but was {0} for expression: sorted(find_street_ids_from_partial_street_name("Shelford Terra"))
    /cad2/ece297s/public//m1/tests/m1_func_street_toronto_canada_public.cpp:417: error: Failure in street_ids_from_partial_street_name: Expected {16047} but was {0} for expression: sorted(find_street_ids_from_partial_street_name("Brookhurst Road"))
    /cad2/ece297s/public//m1/tests/m1_func_street_toronto_canada_public.cpp:420: error: Failure in street_ids_from_partial_street_name: Expected {18188} but was {0} for expression: sorted(find_street_ids_from_partial_street_name("Basilic"))
    /cad2/ece297s/public//m1/tests/m1_func_street_toronto_canada_public.cpp:423: error: Failure in street_ids_from_partial_street_name: Expected {19739} but was {0} for expression: sorted(find_street_ids_from_partial_street_name("Callaway Lane"))
    FAILURE: 3 out of 4 tests failed (90 failures).
    Test time: 2.97 seconds.
DEBUG: original non-UTF-8 locale in run_command is (None, None)
  Analyzing  Public_M1_Func_Street_Tests
    Testing (including setup) took: 2.99 sec

Running Tester: Public_M1_Func_Distance-Time_Tests
  Building   Public_M1_Func_Distance-Time_Tests
DEBUG: original non-UTF-8 locale in run_command is (None, None)
  Running    Public_M1_Func_Distance-Time_Tests
    /cad2/ece297s/public//m1/tests/m1_func_distance-time_toronto_canada_public.cpp:345: error: Failure in feature_area: Expected (124.962) and actual (0) should be within 0.1%, but were 100% different. For expression: find_feature_area(559983)
    /cad2/ece297s/public//m1/tests/m1_func_distance-time_toronto_canada_public.cpp:348: error: Failure in feature_area: Expected (188.614) and actual (0) should be within 0.1%, but were 100% different. For expression: find_feature_area(72481)
    /cad2/ece297s/public//m1/tests/m1_func_distance-time_toronto_canada_public.cpp:351: error: Failure in feature_area: Expected (202.749) and actual (0) should be within 0.1%, but were 100% different. For expression: find_feature_area(50657)
    /cad2/ece297s/public//m1/tests/m1_func_distance-time_toronto_canada_public.cpp:354: error: Failure in feature_area: Expected (275.568) and actual (0) should be within 0.1%, but were 100% different. For expression: find_feature_area(336)
    /cad2/ece297s/public//m1/tests/m1_func_distance-time_toronto_canada_public.cpp:357: error: Failure in feature_area: Expected (294.402) and actual (0) should be within 0.1%, but were 100% different. For expression: find_feature_area(54844)
    /cad2/ece297s/public//m1/tests/m1_func_distance-time_toronto_canada_public.cpp:360: error: Failure in feature_area: Expected (371.249) and actual (0) should be within 0.1%, but were 100% different. For expression: find_feature_area(55128)
    /cad2/ece297s/public//m1/tests/m1_func_distance-time_toronto_canada_public.cpp:363: error: Failure in feature_area: Expected (382.136) and actual (0) should be within 0.1%, but were 100% different. For expression: find_feature_area(60866)
    /cad2/ece297s/public//m1/tests/m1_func_distance-time_toronto_canada_public.cpp:366: error: Failure in feature_area: Expected (422.139) and actual (0) should be within 0.1%, but were 100% different. For expression: find_feature_area(36988)
    /cad2/ece297s/public//m1/tests/m1_func_distance-time_toronto_canada_public.cpp:369: error: Failure in feature_area: Expected (528.637) and actual (0) should be within 0.1%, but were 100% different. For expression: find_feature_area(17892)
    /cad2/ece297s/public//m1/tests/m1_func_distance-time_toronto_canada_public.cpp:372: error: Failure in feature_area: Expected (533.973) and actual (0) should be within 0.1%, but were 100% different. For expression: find_feature_area(49638)
    /cad2/ece297s/public//m1/tests/m1_func_distance-time_toronto_canada_public.cpp:375: error: Failure in feature_area: Expected (598.82) and actual (0) should be within 0.1%, but were 100% different. For expression: find_feature_area(277301)
    /cad2/ece297s/public//m1/tests/m1_func_distance-time_toronto_canada_public.cpp:378: error: Failure in feature_area: Expected (685.452) and actual (0) should be within 0.1%, but were 100% different. For expression: find_feature_area(57640)
    /cad2/ece297s/public//m1/tests/m1_func_distance-time_toronto_canada_public.cpp:381: error: Failure in feature_area: Expected (744.651) and actual (0) should be within 0.1%, but were 100% different. For expression: find_feature_area(20226)
    /cad2/ece297s/public//m1/tests/m1_func_distance-time_toronto_canada_public.cpp:384: error: Failure in feature_area: Expected (766.382) and actual (0) should be within 0.1%, but were 100% different. For expression: find_feature_area(23988)
    /cad2/ece297s/public//m1/tests/m1_func_distance-time_toronto_canada_public.cpp:387: error: Failure in feature_area: Expected (873.155) and actual (0) should be within 0.1%, but were 100% different. For expression: find_feature_area(53278)
    /cad2/ece297s/public//m1/tests/m1_func_distance-time_toronto_canada_public.cpp:390: error: Failure in feature_area: Expected (979.98) and actual (0) should be within 0.1%, but were 100% different. For expression: find_feature_area(18672)
    /cad2/ece297s/public//m1/tests/m1_func_distance-time_toronto_canada_public.cpp:393: error: Failure in feature_area: Expected (1238.53) and actual (0) should be within 0.1%, but were 100% different. For expression: find_feature_area(11947)
    /cad2/ece297s/public//m1/tests/m1_func_distance-time_toronto_canada_public.cpp:396: error: Failure in feature_area: Expected (1911.8) and actual (0) should be within 0.1%, but were 100% different. For expression: find_feature_area(10148)
    /cad2/ece297s/public//m1/tests/m1_func_distance-time_toronto_canada_public.cpp:399: error: Failure in feature_area: Expected (2221.56) and actual (0) should be within 0.1%, but were 100% different. For expression: find_feature_area(71818)
    /cad2/ece297s/public//m1/tests/m1_func_distance-time_toronto_canada_public.cpp:402: error: Failure in feature_area: Expected (2558.82) and actual (0) should be within 0.1%, but were 100% different. For expression: find_feature_area(31880)
    /cad2/ece297s/public//m1/tests/m1_func_distance-time_toronto_canada_public.cpp:405: error: Failure in feature_area: Expected (4498.57) and actual (0) should be within 0.1%, but were 100% different. For expression: find_feature_area(6045)
    /cad2/ece297s/public//m1/tests/m1_func_distance-time_toronto_canada_public.cpp:408: error: Failure in feature_area: Expected (8075.2) and actual (0) should be within 0.1%, but were 100% different. For expression: find_feature_area(59984)
    /cad2/ece297s/public//m1/tests/m1_func_distance-time_toronto_canada_public.cpp:411: error: Failure in feature_area: Expected (10396.4) and actual (0) should be within 0.1%, but were 100% different. For expression: find_feature_area(72353)
    /cad2/ece297s/public//m1/tests/m1_func_distance-time_toronto_canada_public.cpp:414: error: Failure in feature_area: Expected (11531.1) and actual (0) should be within 0.1%, but were 100% different. For expression: find_feature_area(68692)
    /cad2/ece297s/public//m1/tests/m1_func_distance-time_toronto_canada_public.cpp:417: error: Failure in feature_area: Expected (17635.1) and actual (0) should be within 0.1%, but were 100% different. For expression: find_feature_area(7747)
    /cad2/ece297s/public//m1/tests/m1_func_distance-time_toronto_canada_public.cpp:420: error: Failure in feature_area: Expected (101535) and actual (0) should be within 0.1%, but were 100% different. For expression: find_feature_area(373)
    /cad2/ece297s/public//m1/tests/m1_func_distance-time_toronto_canada_public.cpp:423: error: Failure in feature_area: Expected (122696) and actual (0) should be within 0.1%, but were 100% different. For expression: find_feature_area(10616)
    /cad2/ece297s/public//m1/tests/m1_func_distance-time_toronto_canada_public.cpp:431: error: Failure in way_length: Expected (42.4433) and actual (0) should be within 0.1%, but were 100% different. For expression: find_way_length(OSMID(659531475))
    /cad2/ece297s/public//m1/tests/m1_func_distance-time_toronto_canada_public.cpp:434: error: Failure in way_length: Expected (47.0812) and actual (0) should be within 0.1%, but were 100% different. For expression: find_way_length(OSMID(662980285))
    /cad2/ece297s/public//m1/tests/m1_func_distance-time_toronto_canada_public.cpp:437: error: Failure in way_length: Expected (47.0966) and actual (0) should be within 0.1%, but were 100% different. For expression: find_way_length(OSMID(658018213))
    /cad2/ece297s/public//m1/tests/m1_func_distance-time_toronto_canada_public.cpp:440: error: Failure in way_length: Expected (48.6558) and actual (0) should be within 0.1%, but were 100% different. For expression: find_way_length(OSMID(660067135))
    /cad2/ece297s/public//m1/tests/m1_func_distance-time_toronto_canada_public.cpp:443: error: Failure in way_length: Expected (49.2888) and actual (0) should be within 0.1%, but were 100% different. For expression: find_way_length(OSMID(662993225))
    /cad2/ece297s/public//m1/tests/m1_func_distance-time_toronto_canada_public.cpp:446: error: Failure in way_length: Expected (49.6433) and actual (0) should be within 0.1%, but were 100% different. For expression: find_way_length(OSMID(662783848))
    /cad2/ece297s/public//m1/tests/m1_func_distance-time_toronto_canada_public.cpp:449: error: Failure in way_length: Expected (49.8726) and actual (0) should be within 0.1%, but were 100% different. For expression: find_way_length(OSMID(662786682))
    /cad2/ece297s/public//m1/tests/m1_func_distance-time_toronto_canada_public.cpp:452: error: Failure in way_length: Expected (50.7583) and actual (0) should be within 0.1%, but were 100% different. For expression: find_way_length(OSMID(659207136))
    /cad2/ece297s/public//m1/tests/m1_func_distance-time_toronto_canada_public.cpp:455: error: Failure in way_length: Expected (50.7657) and actual (0) should be within 0.1%, but were 100% different. For expression: find_way_length(OSMID(660831384))
    /cad2/ece297s/public//m1/tests/m1_func_distance-time_toronto_canada_public.cpp:458: error: Failure in way_length: Expected (53.329) and actual (0) should be within 0.1%, but were 100% different. For expression: find_way_length(OSMID(661822639))
    /cad2/ece297s/public//m1/tests/m1_func_distance-time_toronto_canada_public.cpp:461: error: Failure in way_length: Expected (54.3869) and actual (0) should be within 0.1%, but were 100% different. For expression: find_way_length(OSMID(659454621))
    /cad2/ece297s/public//m1/tests/m1_func_distance-time_toronto_canada_public.cpp:464: error: Failure in way_length: Expected (58.1863) and actual (0) should be within 0.1%, but were 100% different. For expression: find_way_length(OSMID(661050798))
    /cad2/ece297s/public//m1/tests/m1_func_distance-time_toronto_canada_public.cpp:467: error: Failure in way_length: Expected (58.4433) and actual (0) should be within 0.1%, but were 100% different. For expression: find_way_length(OSMID(661262039))
    /cad2/ece297s/public//m1/tests/m1_func_distance-time_toronto_canada_public.cpp:470: error: Failure in way_length: Expected (59.6351) and actual (0) should be within 0.1%, but were 100% different. For expression: find_way_length(OSMID(661521432))
    /cad2/ece297s/public//m1/tests/m1_func_distance-time_toronto_canada_public.cpp:473: error: Failure in way_length: Expected (61.1791) and actual (0) should be within 0.1%, but were 100% different. For expression: find_way_length(OSMID(662802798))
    /cad2/ece297s/public//m1/tests/m1_func_distance-time_toronto_canada_public.cpp:476: error: Failure in way_length: Expected (63.4852) and actual (0) should be within 0.1%, but were 100% different. For expression: find_way_length(OSMID(673877251))
    /cad2/ece297s/public//m1/tests/m1_func_distance-time_toronto_canada_public.cpp:479: error: Failure in way_length: Expected (64.8765) and actual (0) should be within 0.1%, but were 100% different. For expression: find_way_length(OSMID(659246911))
    /cad2/ece297s/public//m1/tests/m1_func_distance-time_toronto_canada_public.cpp:482: error: Failure in way_length: Expected (64.9838) and actual (0) should be within 0.1%, but were 100% different. For expression: find_way_length(OSMID(661929398))
    /cad2/ece297s/public//m1/tests/m1_func_distance-time_toronto_canada_public.cpp:485: error: Failure in way_length: Expected (70.0702) and actual (0) should be within 0.1%, but were 100% different. For expression: find_way_length(OSMID(661027367))
    /cad2/ece297s/public//m1/tests/m1_func_distance-time_toronto_canada_public.cpp:488: error: Failure in way_length: Expected (72.5615) and actual (0) should be within 0.1%, but were 100% different. For expression: find_way_length(OSMID(663871364))
    /cad2/ece297s/public//m1/tests/m1_func_distance-time_toronto_canada_public.cpp:491: error: Failure in way_length: Expected (73.0432) and actual (0) should be within 0.1%, but were 100% different. For expression: find_way_length(OSMID(660636699))
    /cad2/ece297s/public//m1/tests/m1_func_distance-time_toronto_canada_public.cpp:494: error: Failure in way_length: Expected (74.5801) and actual (0) should be within 0.1%, but were 100% different. For expression: find_way_length(OSMID(662123827))
    /cad2/ece297s/public//m1/tests/m1_func_distance-time_toronto_canada_public.cpp:497: error: Failure in way_length: Expected (137.889) and actual (0) should be within 0.1%, but were 100% different. For expression: find_way_length(OSMID(459816669))
    /cad2/ece297s/public//m1/tests/m1_func_distance-time_toronto_canada_public.cpp:500: error: Failure in way_length: Expected (142.611) and actual (0) should be within 0.1%, but were 100% different. For expression: find_way_length(OSMID(110357684))
    /cad2/ece297s/public//m1/tests/m1_func_distance-time_toronto_canada_public.cpp:503: error: Failure in way_length: Expected (260.268) and actual (0) should be within 0.1%, but were 100% different. For expression: find_way_length(OSMID(128831070))
    /cad2/ece297s/public//m1/tests/m1_func_distance-time_toronto_canada_public.cpp:506: error: Failure in way_length: Expected (313.133) and actual (0) should be within 0.1%, but were 100% different. For expression: find_way_length(OSMID(75976176))
    /cad2/ece297s/public//m1/tests/m1_func_distance-time_toronto_canada_public.cpp:509: error: Failure in way_length: Expected (362.236) and actual (0) should be within 0.1%, but were 100% different. For expression: find_way_length(OSMID(75940299))
    /cad2/ece297s/public//m1/tests/m1_func_distance-time_toronto_canada_public.cpp:512: error: Failure in way_length: Expected (441.218) and actual (0) should be within 0.1%, but were 100% different. For expression: find_way_length(OSMID(141171748))
    /cad2/ece297s/public//m1/tests/m1_func_distance-time_toronto_canada_public.cpp:515: error: Failure in way_length: Expected (548.239) and actual (0) should be within 0.1%, but were 100% different. For expression: find_way_length(OSMID(3979831))
    /cad2/ece297s/public//m1/tests/m1_func_distance-time_toronto_canada_public.cpp:518: error: Failure in way_length: Expected (619.744) and actual (0) should be within 0.1%, but were 100% different. For expression: find_way_length(OSMID(93823700))
    FAILURE: 2 out of 5 tests failed (57 failures).
    Test time: 3.57 seconds.
DEBUG: original non-UTF-8 locale in run_command is (None, None)
  Analyzing  Public_M1_Func_Distance-Time_Tests
    Testing (including setup) took: 3.59 sec

Running Tester: Public_M1_Func_Spatial_Tests
  Building   Public_M1_Func_Spatial_Tests
DEBUG: original non-UTF-8 locale in run_command is (None, None)
  Running    Public_M1_Func_Spatial_Tests
    Success: 1 tests passed.
    Test time: 0.83 seconds.
DEBUG: original non-UTF-8 locale in run_command is (None, None)
  Analyzing  Public_M1_Func_Spatial_Tests
    Testing (including setup) took: 0.87 sec

Running Tester: Public_M1_Perf_Intersection_Tests
  Building   Public_M1_Perf_Intersection_Tests
DEBUG: original non-UTF-8 locale in run_command is (None, None)
  Running    Public_M1_Perf_Intersection_Tests
    /cad2/ece297s/public//m1/tests/m1_perf_intersection_toronto_canada_public.cpp:188: error: Failure in intersection_street_names_perf: Unhandled exception in ECE297_CHECK_EQUAL(expected, sorted(find_street_names_of_intersection(102380)))
    /cad2/ece297s/public//m1/tests/m1_perf_intersection_toronto_canada_public.cpp:191: error: Failure in intersection_street_names_perf: Unhandled exception in ECE297_CHECK_EQUAL(expected, sorted(find_street_names_of_intersection(121985)))
    /cad2/ece297s/public//m1/tests/m1_perf_intersection_toronto_canada_public.cpp:194: error: Failure in intersection_street_names_perf: Unhandled exception in ECE297_CHECK_EQUAL(expected, sorted(find_street_names_of_intersection(38701)))
    /cad2/ece297s/public//m1/tests/m1_perf_intersection_toronto_canada_public.cpp:197: error: Failure in intersection_street_names_perf: Unhandled exception in ECE297_CHECK_EQUAL(expected, sorted(find_street_names_of_intersection(40756)))
    /cad2/ece297s/public//m1/tests/m1_perf_intersection_toronto_canada_public.cpp:200: error: Failure in intersection_street_names_perf: Unhandled exception in ECE297_CHECK_EQUAL(expected, sorted(find_street_names_of_intersection(87076)))
    /cad2/ece297s/public//m1/tests/m1_perf_intersection_toronto_canada_public.cpp:203: error: Failure in intersection_street_names_perf: Unhandled exception in ECE297_CHECK_EQUAL(expected, sorted(find_street_names_of_intersection(105969)))
    /cad2/ece297s/public//m1/tests/m1_perf_intersection_toronto_canada_public.cpp:206: error: Failure in intersection_street_names_perf: Unhandled exception in ECE297_CHECK_EQUAL(expected, sorted(find_street_names_of_intersection(106896)))
    /cad2/ece297s/public//m1/tests/m1_perf_intersection_toronto_canada_public.cpp:209: error: Failure in intersection_street_names_perf: Unhandled exception in ECE297_CHECK_EQUAL(expected, sorted(find_street_names_of_intersection(109313)))
    /cad2/ece297s/public//m1/tests/m1_perf_intersection_toronto_canada_public.cpp:212: error: Failure in intersection_street_names_perf: Unhandled exception in ECE297_CHECK_EQUAL(expected, sorted(find_street_names_of_intersection(113281)))
    /cad2/ece297s/public//m1/tests/m1_perf_intersection_toronto_canada_public.cpp:215: error: Failure in intersection_street_names_perf: Unhandled exception in ECE297_CHECK_EQUAL(expected, sorted(find_street_names_of_intersection(133821)))
    /cad2/ece297s/public//m1/tests/m1_perf_intersection_toronto_canada_public.cpp:218: error: Failure in intersection_street_names_perf: Unhandled exception in ECE297_CHECK_EQUAL(expected, sorted(find_street_names_of_intersection(136515)))
    /cad2/ece297s/public//m1/tests/m1_perf_intersection_toronto_canada_public.cpp:221: error: Failure in intersection_street_names_perf: Unhandled exception in ECE297_CHECK_EQUAL(expected, sorted(find_street_names_of_intersection(145491)))
    /cad2/ece297s/public//m1/tests/m1_perf_intersection_toronto_canada_public.cpp:224: error: Failure in intersection_street_names_perf: Unhandled exception in ECE297_CHECK_EQUAL(expected, sorted(find_street_names_of_intersection(149474)))
    /cad2/ece297s/public//m1/tests/m1_perf_intersection_toronto_canada_public.cpp:227: error: Failure in intersection_street_names_perf: Unhandled exception in ECE297_CHECK_EQUAL(expected, sorted(find_street_names_of_intersection(137127)))
    /cad2/ece297s/public//m1/tests/m1_perf_intersection_toronto_canada_public.cpp:230: error: Failure in intersection_street_names_perf: Unhandled exception in ECE297_CHECK_EQUAL(expected, sorted(find_street_names_of_intersection(95563)))
    /cad2/ece297s/public//m1/tests/m1_perf_intersection_toronto_canada_public.cpp:233: error: Failure in intersection_street_names_perf: Unhandled exception in ECE297_CHECK_EQUAL(expected, sorted(find_street_names_of_intersection(117691)))
    /cad2/ece297s/public//m1/tests/m1_perf_intersection_toronto_canada_public.cpp:236: error: Failure in intersection_street_names_perf: Unhandled exception in ECE297_CHECK_EQUAL(expected, sorted(find_street_names_of_intersection(135221)))
    /cad2/ece297s/public//m1/tests/m1_perf_intersection_toronto_canada_public.cpp:239: error: Failure in intersection_street_names_perf: Unhandled exception in ECE297_CHECK_EQUAL(expected, sorted(find_street_names_of_intersection(10)))
    /cad2/ece297s/public//m1/tests/m1_perf_intersection_toronto_canada_public.cpp:242: error: Failure in intersection_street_names_perf: Unhandled exception in ECE297_CHECK_EQUAL(expected, sorted(find_street_names_of_intersection(27101)))
    /cad2/ece297s/public//m1/tests/m1_perf_intersection_toronto_canada_public.cpp:245: error: Failure in intersection_street_names_perf: Unhandled exception in ECE297_CHECK_EQUAL(expected, sorted(find_street_names_of_intersection(86334)))
    /cad2/ece297s/public//m1/tests/m1_perf_intersection_toronto_canada_public.cpp:248: error: Failure in intersection_street_names_perf: Unhandled exception in ECE297_CHECK_EQUAL(expected, sorted(find_street_names_of_intersection(34975)))
    /cad2/ece297s/public//m1/tests/m1_perf_intersection_toronto_canada_public.cpp:251: error: Failure in intersection_street_names_perf: Unhandled exception in ECE297_CHECK_EQUAL(expected, sorted(find_street_names_of_intersection(134204)))
    /cad2/ece297s/public//m1/tests/m1_perf_intersection_toronto_canada_public.cpp:254: error: Failure in intersection_street_names_perf: Unhandled exception in ECE297_CHECK_EQUAL(expected, sorted(find_street_names_of_intersection(74966)))
    /cad2/ece297s/public//m1/tests/m1_perf_intersection_toronto_canada_public.cpp:257: error: Failure in intersection_street_names_perf: Unhandled exception in ECE297_CHECK_EQUAL(expected, sorted(find_street_names_of_intersection(29435)))
    /cad2/ece297s/public//m1/tests/m1_perf_intersection_toronto_canada_public.cpp:260: error: Failure in intersection_street_names_perf: Unhandled exception in ECE297_CHECK_EQUAL(expected, sorted(find_street_names_of_intersection(42199)))
    /cad2/ece297s/public//m1/tests/m1_perf_intersection_toronto_canada_public.cpp:263: error: Failure in intersection_street_names_perf: Unhandled exception in ECE297_CHECK_EQUAL(expected, sorted(find_street_names_of_intersection(103341)))
    /cad2/ece297s/public//m1/tests/m1_perf_intersection_toronto_canada_public.cpp:266: error: Failure in intersection_street_names_perf: Unhandled exception in ECE297_CHECK_EQUAL(expected, sorted(find_street_names_of_intersection(82672)))
    /cad2/ece297s/public//m1/tests/m1_perf_intersection_toronto_canada_public.cpp:269: error: Failure in intersection_street_names_perf: Unhandled exception in ECE297_CHECK_EQUAL(expected, sorted(find_street_names_of_intersection(65038)))
    /cad2/ece297s/public//m1/tests/m1_perf_intersection_toronto_canada_public.cpp:272: error: Failure in intersection_street_names_perf: Unhandled exception in ECE297_CHECK_EQUAL(expected, sorted(find_street_names_of_intersection(81186)))
    /cad2/ece297s/public//m1/tests/m1_perf_intersection_toronto_canada_public.cpp:275: error: Failure in intersection_street_names_perf: Unhandled exception in ECE297_CHECK_EQUAL(expected, sorted(find_street_names_of_intersection(119658)))
    /cad2/ece297s/public//m1/tests/m1_perf_intersection_toronto_canada_public.cpp:183: error: Failure in intersection_street_names_perf: Unhandled exception: basic_string::_M_construct null not valid
    /cad2/ece297s/public//m1/tests/m1_perf_intersection_toronto_canada_public.cpp:294: error: Failure in directly_connected_perf: This should be true: !are_directly_connected(std::make_pair(10229, 96006))
    /cad2/ece297s/public//m1/tests/m1_perf_intersection_toronto_canada_public.cpp:296: error: Failure in directly_connected_perf: This should be true: !are_directly_connected(std::make_pair(28262, 56035))
    /cad2/ece297s/public//m1/tests/m1_perf_intersection_toronto_canada_public.cpp:298: error: Failure in directly_connected_perf: This should be true: !are_directly_connected(std::make_pair(32615, 87321))
    /cad2/ece297s/public//m1/tests/m1_perf_intersection_toronto_canada_public.cpp:300: error: Failure in directly_connected_perf: This should be true: !are_directly_connected(std::make_pair(33063, 142972))
    /cad2/ece297s/public//m1/tests/m1_perf_intersection_toronto_canada_public.cpp:302: error: Failure in directly_connected_perf: This should be true: !are_directly_connected(std::make_pair(38216, 82535))
    /cad2/ece297s/public//m1/tests/m1_perf_intersection_toronto_canada_public.cpp:304: error: Failure in directly_connected_perf: This should be true: !are_directly_connected(std::make_pair(48021, 35797))
    /cad2/ece297s/public//m1/tests/m1_perf_intersection_toronto_canada_public.cpp:306: error: Failure in directly_connected_perf: This should be true: !are_directly_connected(std::make_pair(72388, 48326))
    /cad2/ece297s/public//m1/tests/m1_perf_intersection_toronto_canada_public.cpp:308: error: Failure in directly_connected_perf: This should be true: !are_directly_connected(std::make_pair(101772, 51749))
    /cad2/ece297s/public//m1/tests/m1_perf_intersection_toronto_canada_public.cpp:310: error: Failure in directly_connected_perf: This should be true: !are_directly_connected(std::make_pair(117913, 42614))
    /cad2/ece297s/public//m1/tests/m1_perf_intersection_toronto_canada_public.cpp:312: error: Failure in directly_connected_perf: This should be true: !are_directly_connected(std::make_pair(121164, 81132))
    /cad2/ece297s/public//m1/tests/m1_perf_intersection_toronto_canada_public.cpp:314: error: Failure in directly_connected_perf: This should be true: !are_directly_connected(std::make_pair(125686, 45024))
    /cad2/ece297s/public//m1/tests/m1_perf_intersection_toronto_canada_public.cpp:316: error: Failure in directly_connected_perf: This should be true: !are_directly_connected(std::make_pair(128969, 111876))
    /cad2/ece297s/public//m1/tests/m1_perf_intersection_toronto_canada_public.cpp:318: error: Failure in directly_connected_perf: This should be true: !are_directly_connected(std::make_pair(140389, 82634))
    /cad2/ece297s/public//m1/tests/m1_perf_intersection_toronto_canada_public.cpp:376: error: Failure in adjacent_intersections_perf: Expected {} but was {0} for expression: sorted(find_adjacent_intersections(4338))
    /cad2/ece297s/public//m1/tests/m1_perf_intersection_toronto_canada_public.cpp:379: error: Failure in adjacent_intersections_perf: Expected {} but was {0} for expression: sorted(find_adjacent_intersections(112860))
    /cad2/ece297s/public//m1/tests/m1_perf_intersection_toronto_canada_public.cpp:382: error: Failure in adjacent_intersections_perf: Expected {1236, 76603, 76604} but was {0} for expression: sorted(find_adjacent_intersections(76602))
    /cad2/ece297s/public//m1/tests/m1_perf_intersection_toronto_canada_public.cpp:385: error: Failure in adjacent_intersections_perf: Expected {3709} but was {0} for expression: sorted(find_adjacent_intersections(3708))
    /cad2/ece297s/public//m1/tests/m1_perf_intersection_toronto_canada_public.cpp:388: error: Failure in adjacent_intersections_perf: Expected {4056, 4058, 143782} but was {0} for expression: sorted(find_adjacent_intersections(4057))
    /cad2/ece297s/public//m1/tests/m1_perf_intersection_toronto_canada_public.cpp:391: error: Failure in adjacent_intersections_perf: Expected {7020, 7021, 17415} but was {0} for expression: sorted(find_adjacent_intersections(7019))
    /cad2/ece297s/public//m1/tests/m1_perf_intersection_toronto_canada_public.cpp:394: error: Failure in adjacent_intersections_perf: Expected {7989} but was {0} for expression: sorted(find_adjacent_intersections(88834))
    /cad2/ece297s/public//m1/tests/m1_perf_intersection_toronto_canada_public.cpp:397: error: Failure in adjacent_intersections_perf: Expected {13853, 74339, 136641} but was {0} for expression: sorted(find_adjacent_intersections(74338))
    /cad2/ece297s/public//m1/tests/m1_perf_intersection_toronto_canada_public.cpp:400: error: Failure in adjacent_intersections_perf: Expected {14666, 106912} but was {0} for expression: sorted(find_adjacent_intersections(107457))
    /cad2/ece297s/public//m1/tests/m1_perf_intersection_toronto_canada_public.cpp:403: error: Failure in adjacent_intersections_perf: Expected {27998, 89642, 89644} but was {0} for expression: sorted(find_adjacent_intersections(89643))
    /cad2/ece297s/public//m1/tests/m1_perf_intersection_toronto_canada_public.cpp:406: error: Failure in adjacent_intersections_perf: Expected {34494, 89805} but was {0} for expression: sorted(find_adjacent_intersections(34495))
    /cad2/ece297s/public//m1/tests/m1_perf_intersection_toronto_canada_public.cpp:409: error: Failure in adjacent_intersections_perf: Expected {35507, 35510, 35786, 35790} but was {0} for expression: sorted(find_adjacent_intersections(35785))
    /cad2/ece297s/public//m1/tests/m1_perf_intersection_toronto_canada_public.cpp:412: error: Failure in adjacent_intersections_perf: Expected {38811, 38813, 38814} but was {0} for expression: sorted(find_adjacent_intersections(38812))
    /cad2/ece297s/public//m1/tests/m1_perf_intersection_toronto_canada_public.cpp:415: error: Failure in adjacent_intersections_perf: Expected {41550, 41553, 73705} but was {0} for expression: sorted(find_adjacent_intersections(41552))
    /cad2/ece297s/public//m1/tests/m1_perf_intersection_toronto_canada_public.cpp:418: error: Failure in adjacent_intersections_perf: Expected {42354, 42363, 117651} but was {0} for expression: sorted(find_adjacent_intersections(42361))
    /cad2/ece297s/public//m1/tests/m1_perf_intersection_toronto_canada_public.cpp:421: error: Failure in adjacent_intersections_perf: Expected {42860, 42862, 42997} but was {0} for expression: sorted(find_adjacent_intersections(42861))
    /cad2/ece297s/public//m1/tests/m1_perf_intersection_toronto_canada_public.cpp:424: error: Failure in adjacent_intersections_perf: Expected {47152, 47154} but was {0} for expression: sorted(find_adjacent_intersections(47153))
    /cad2/ece297s/public//m1/tests/m1_perf_intersection_toronto_canada_public.cpp:427: error: Failure in adjacent_intersections_perf: Expected {47902, 51507, 52533, 104934} but was {0} for expression: sorted(find_adjacent_intersections(47903))
    /cad2/ece297s/public//m1/tests/m1_perf_intersection_toronto_canada_public.cpp:430: error: Failure in adjacent_intersections_perf: Expected {50295, 51378, 51640} but was {0} for expression: sorted(find_adjacent_intersections(51497))
    /cad2/ece297s/public//m1/tests/m1_perf_intersection_toronto_canada_public.cpp:433: error: Failure in adjacent_intersections_perf: Expected {62341, 62354} but was {0} for expression: sorted(find_adjacent_intersections(62342))
    /cad2/ece297s/public//m1/tests/m1_perf_intersection_toronto_canada_public.cpp:436: error: Failure in adjacent_intersections_perf: Expected {66516, 66518, 66543} but was {0} for expression: sorted(find_adjacent_intersections(66517))
    /cad2/ece297s/public//m1/tests/m1_perf_intersection_toronto_canada_public.cpp:439: error: Failure in adjacent_intersections_perf: Expected {76845, 76848, 76850} but was {0} for expression: sorted(find_adjacent_intersections(76851))
    /cad2/ece297s/public//m1/tests/m1_perf_intersection_toronto_canada_public.cpp:442: error: Failure in adjacent_intersections_perf: Expected {93448, 93450} but was {0} for expression: sorted(find_adjacent_intersections(109721))
    /cad2/ece297s/public//m1/tests/m1_perf_intersection_toronto_canada_public.cpp:445: error: Failure in adjacent_intersections_perf: Expected {97050, 124625, 130211} but was {0} for expression: sorted(find_adjacent_intersections(124624))
    /cad2/ece297s/public//m1/tests/m1_perf_intersection_toronto_canada_public.cpp:448: error: Failure in adjacent_intersections_perf: Expected {108588} but was {0} for expression: sorted(find_adjacent_intersections(108587))
    /cad2/ece297s/public//m1/tests/m1_perf_intersection_toronto_canada_public.cpp:451: error: Failure in adjacent_intersections_perf: Expected {123751, 123770, 123772} but was {0} for expression: sorted(find_adjacent_intersections(123773))
    /cad2/ece297s/public//m1/tests/m1_perf_intersection_toronto_canada_public.cpp:454: error: Failure in adjacent_intersections_perf: Expected {125236, 125238, 125240} but was {0} for expression: sorted(find_adjacent_intersections(125237))
    /cad2/ece297s/public//m1/tests/m1_perf_intersection_toronto_canada_public.cpp:457: error: Failure in adjacent_intersections_perf: Expected {126916, 126932, 126936} but was {0} for expression: sorted(find_adjacent_intersections(126931))
    /cad2/ece297s/public//m1/tests/m1_perf_intersection_toronto_canada_public.cpp:460: error: Failure in adjacent_intersections_perf: Expected {131029, 131030, 131031} but was {0} for expression: sorted(find_adjacent_intersections(131032))
    /cad2/ece297s/public//m1/tests/m1_perf_intersection_toronto_canada_public.cpp:463: error: Failure in adjacent_intersections_perf: Expected {143484, 143520, 143525} but was {0} for expression: sorted(find_adjacent_intersections(143527))
    FAILURE: 3 out of 4 tests failed (74 failures).
    Test time: 3.99 seconds.
DEBUG: original non-UTF-8 locale in run_command is (None, None)
  Analyzing  Public_M1_Perf_Intersection_Tests
    Testing (including setup) took: 4.02 sec

Running Tester: Public_M1_Perf_Street_Tests
  Building   Public_M1_Perf_Street_Tests
DEBUG: original non-UTF-8 locale in run_command is (None, None)
  Running    Public_M1_Perf_Street_Tests
    /cad2/ece297s/public//m1/tests/m1_perf_street_toronto_canada_public.cpp:79: error: Failure in street_street_segments_perf: Expected {1, 535, 537, 538, 540, 543, 545, 550, 551, 553, 7811, 8749, 8750, 8868, 9001, 9002, 9007, 9008, 9042, 9043, 13215, 13216, 13242, 13243, 13330, 13331, 13332, 15138, 15139, 22191, 22192, 22212, 22213, 27177, 27178, 27186, 27187, 37370, 37371, 37372, 60314, 60315, 60770, 60771, 60789, 60790, 80872, 80884, 80885, 80886, 80900, 80901, 82280, 82281, 102107, 102354, 102357, 102675, 102685, 102693, 102697, 102718, 102719, 110207, 110381, 110497, 110501, 110502, 110513, 125631, 134649, 134915, 134916, 150773} but was {0} for expression: sorted(find_street_segments_of_street(2))
    /cad2/ece297s/public//m1/tests/m1_perf_street_toronto_canada_public.cpp:82: error: Failure in street_street_segments_perf: Expected {15171, 15172, 15173, 131586, 182332, 182334} but was {0} for expression: sorted(find_street_segments_of_street(4069))
    /cad2/ece297s/public//m1/tests/m1_perf_street_toronto_canada_public.cpp:85: error: Failure in street_street_segments_perf: Expected {16241, 16242} but was {0} for expression: sorted(find_street_segments_of_street(4419))
    /cad2/ece297s/public//m1/tests/m1_perf_street_toronto_canada_public.cpp:88: error: Failure in street_street_segments_perf: Expected {19375} but was {0} for expression: sorted(find_street_segments_of_street(5251))
    /cad2/ece297s/public//m1/tests/m1_perf_street_toronto_canada_public.cpp:91: error: Failure in street_street_segments_perf: Expected {21428, 21429, 21430, 213638, 213639, 213640, 213641, 213642, 213643, 213644, 213645} but was {0} for expression: sorted(find_street_segments_of_street(5810))
    /cad2/ece297s/public//m1/tests/m1_perf_street_toronto_canada_public.cpp:94: error: Failure in street_street_segments_perf: Expected {23198} but was {0} for expression: sorted(find_street_segments_of_street(6118))
    /cad2/ece297s/public//m1/tests/m1_perf_street_toronto_canada_public.cpp:97: error: Failure in street_street_segments_perf: Expected {24136, 24137, 24138, 24139} but was {0} for expression: sorted(find_street_segments_of_street(6335))
    /cad2/ece297s/public//m1/tests/m1_perf_street_toronto_canada_public.cpp:100: error: Failure in street_street_segments_perf: Expected {47933, 50167, 59709, 59737, 59768, 59793, 177816} but was {0} for expression: sorted(find_street_segments_of_street(9763))
    /cad2/ece297s/public//m1/tests/m1_perf_street_toronto_canada_public.cpp:103: error: Failure in street_street_segments_perf: Expected {53740} but was {0} for expression: sorted(find_street_segments_of_street(11254))
    /cad2/ece297s/public//m1/tests/m1_perf_street_toronto_canada_public.cpp:106: error: Failure in street_street_segments_perf: Expected {57458} but was {0} for expression: sorted(find_street_segments_of_street(12187))
    /cad2/ece297s/public//m1/tests/m1_perf_street_toronto_canada_public.cpp:109: error: Failure in street_street_segments_perf: Expected {59071} but was {0} for expression: sorted(find_street_segments_of_street(12410))
    /cad2/ece297s/public//m1/tests/m1_perf_street_toronto_canada_public.cpp:112: error: Failure in street_street_segments_perf: Expected {61301} but was {0} for expression: sorted(find_street_segments_of_street(12960))
    /cad2/ece297s/public//m1/tests/m1_perf_street_toronto_canada_public.cpp:115: error: Failure in street_street_segments_perf: Expected {61988} but was {0} for expression: sorted(find_street_segments_of_street(13071))
    /cad2/ece297s/public//m1/tests/m1_perf_street_toronto_canada_public.cpp:118: error: Failure in street_street_segments_perf: Expected {67853} but was {0} for expression: sorted(find_street_segments_of_street(14345))
    /cad2/ece297s/public//m1/tests/m1_perf_street_toronto_canada_public.cpp:121: error: Failure in street_street_segments_perf: Expected {73302, 73767, 73768} but was {0} for expression: sorted(find_street_segments_of_street(15369))
DEBUG: original non-UTF-8 locale in run_command is (None, None)
Recieved keyboard interrupt, cleaning up...
